<?xml version="1.0" encoding="UTF-8"?>
<!-- Generated by org.testng.reporters.JUnitXMLReporter -->
<testsuite ignored="0" hostname="mindc1d277" failures="0" tests="9" name="Default test" time="39.49" errors="0" timestamp="2022-05-21T14:55:00 IST">
  <testcase classname="com.md.runner.TestC" name="test1" time="2.391"/>
  <testcase classname="com.md.runner.TestC" name="test2" time="2.304"/>
  <testcase classname="com.md.runner.TestC" name="test3" time="2.04"/>
  <testcase classname="com.md.runner.TestC" name="test4" time="1.741"/>
  <testcase classname="com.md.runner.TestC" name="test5" time="2.218"/>
  <testcase classname="com.md.runner.TestC" name="test6" time="1.939"/>
  <testcase classname="com.md.runner.TestC" name="test7" time="1.569"/>
  <testcase classname="com.md.runner.TestC" name="test8" time="2.313"/>
  <testcase classname="com.md.runner.TestC" name="test9" time="1.503"/>
</testsuite> <!-- Default test -->
