<?xml version="1.0" encoding="UTF-8"?>
<testng-results ignored="0" total="9" passed="9" failed="0" skipped="0">
  <reporter-output>
    <line>
      <![CDATA[Setting up report ---- test is getting ready]]>
    </line>
    <line>
      <![CDATA[Setting done ---- Test can be started]]>
    </line>
    <line>
      <![CDATA[Test is about to end]]>
    </line>
    <line>
      <![CDATA[Test completed  -------  Report generated]]>
    </line>
    <line>
      <![CDATA[Test is about to end]]>
    </line>
    <line>
      <![CDATA[Test completed  -------  Report generated]]>
    </line>
    <line>
      <![CDATA[Test is about to end]]>
    </line>
    <line>
      <![CDATA[Test completed  -------  Report generated]]>
    </line>
    <line>
      <![CDATA[Test is about to end]]>
    </line>
    <line>
      <![CDATA[Test completed  -------  Report generated]]>
    </line>
    <line>
      <![CDATA[Test is about to end]]>
    </line>
    <line>
      <![CDATA[Test completed  -------  Report generated]]>
    </line>
    <line>
      <![CDATA[Test is about to end]]>
    </line>
    <line>
      <![CDATA[Test completed  -------  Report generated]]>
    </line>
    <line>
      <![CDATA[Test is about to end]]>
    </line>
    <line>
      <![CDATA[Test completed  -------  Report generated]]>
    </line>
    <line>
      <![CDATA[Test is about to end]]>
    </line>
    <line>
      <![CDATA[Test completed  -------  Report generated]]>
    </line>
    <line>
      <![CDATA[Test is about to end]]>
    </line>
    <line>
      <![CDATA[Test completed  -------  Report generated]]>
    </line>
  </reporter-output>
  <suite started-at="2022-05-21T14:54:20 IST" name="Default suite" finished-at="2022-05-21T14:55:00 IST" duration-ms="39490">
    <groups>
    </groups>
    <test started-at="2022-05-21T14:54:20 IST" name="Default test" finished-at="2022-05-21T14:55:00 IST" duration-ms="39490">
      <class name="com.md.runner.TestC">
        <test-method is-config="true" signature="setUpSuit()[pri:0, instance:com.md.runner.TestC@71def8f8]" started-at="2022-05-21T14:54:20 IST" name="setUpSuit" finished-at="2022-05-21T14:54:20 IST" duration-ms="473" status="PASS">
          <reporter-output>
            <line>
              <![CDATA[Setting up report ---- test is getting ready]]>
            </line>
            <line>
              <![CDATA[Setting done ---- Test can be started]]>
            </line>
          </reporter-output>
        </test-method> <!-- setUpSuit -->
        <test-method is-config="true" signature="setUp()[pri:0, instance:com.md.runner.TestC@71def8f8]" started-at="2022-05-21T14:54:20 IST" name="setUp" finished-at="2022-05-21T14:54:34 IST" duration-ms="14186" status="PASS">
          <reporter-output>
          </reporter-output>
        </test-method> <!-- setUp -->
        <test-method signature="test1()[pri:1, instance:com.md.runner.TestC@71def8f8]" started-at="2022-05-21T14:54:34 IST" name="test1" finished-at="2022-05-21T14:54:37 IST" duration-ms="2391" status="PASS">
          <reporter-output>
          </reporter-output>
        </test-method> <!-- test1 -->
        <test-method is-config="true" signature="tearDownM(org.testng.ITestResult)[pri:0, instance:com.md.runner.TestC@71def8f8]" started-at="2022-05-21T14:54:37 IST" name="tearDownM" finished-at="2022-05-21T14:54:38 IST" duration-ms="1156" status="PASS">
          <params>
            <param index="0">
              <value>
                <![CDATA[[TestResult name=test1 status=SUCCESS method=TestC.test1()[pri:1, instance:com.md.runner.TestC@71def8f8] output={null}]]]>
              </value>
            </param>
          </params>
          <reporter-output>
            <line>
              <![CDATA[Test is about to end]]>
            </line>
            <line>
              <![CDATA[Test completed  -------  Report generated]]>
            </line>
          </reporter-output>
        </test-method> <!-- tearDownM -->
        <test-method signature="test2()[pri:2, instance:com.md.runner.TestC@71def8f8]" started-at="2022-05-21T14:54:38 IST" name="test2" finished-at="2022-05-21T14:54:40 IST" duration-ms="2304" status="PASS">
          <reporter-output>
          </reporter-output>
        </test-method> <!-- test2 -->
        <test-method is-config="true" signature="tearDownM(org.testng.ITestResult)[pri:0, instance:com.md.runner.TestC@71def8f8]" started-at="2022-05-21T14:54:40 IST" name="tearDownM" finished-at="2022-05-21T14:54:41 IST" duration-ms="447" status="PASS">
          <params>
            <param index="0">
              <value>
                <![CDATA[[TestResult name=test2 status=SUCCESS method=TestC.test2()[pri:2, instance:com.md.runner.TestC@71def8f8] output={null}]]]>
              </value>
            </param>
          </params>
          <reporter-output>
            <line>
              <![CDATA[Test is about to end]]>
            </line>
            <line>
              <![CDATA[Test completed  -------  Report generated]]>
            </line>
          </reporter-output>
        </test-method> <!-- tearDownM -->
        <test-method signature="test3()[pri:3, instance:com.md.runner.TestC@71def8f8]" started-at="2022-05-21T14:54:41 IST" name="test3" finished-at="2022-05-21T14:54:43 IST" duration-ms="2040" status="PASS">
          <reporter-output>
          </reporter-output>
        </test-method> <!-- test3 -->
        <test-method is-config="true" signature="tearDownM(org.testng.ITestResult)[pri:0, instance:com.md.runner.TestC@71def8f8]" started-at="2022-05-21T14:54:43 IST" name="tearDownM" finished-at="2022-05-21T14:54:43 IST" duration-ms="463" status="PASS">
          <params>
            <param index="0">
              <value>
                <![CDATA[[TestResult name=test3 status=SUCCESS method=TestC.test3()[pri:3, instance:com.md.runner.TestC@71def8f8] output={null}]]]>
              </value>
            </param>
          </params>
          <reporter-output>
            <line>
              <![CDATA[Test is about to end]]>
            </line>
            <line>
              <![CDATA[Test completed  -------  Report generated]]>
            </line>
          </reporter-output>
        </test-method> <!-- tearDownM -->
        <test-method signature="test4()[pri:4, instance:com.md.runner.TestC@71def8f8]" started-at="2022-05-21T14:54:43 IST" name="test4" finished-at="2022-05-21T14:54:45 IST" duration-ms="1741" status="PASS">
          <reporter-output>
          </reporter-output>
        </test-method> <!-- test4 -->
        <test-method is-config="true" signature="tearDownM(org.testng.ITestResult)[pri:0, instance:com.md.runner.TestC@71def8f8]" started-at="2022-05-21T14:54:45 IST" name="tearDownM" finished-at="2022-05-21T14:54:46 IST" duration-ms="879" status="PASS">
          <params>
            <param index="0">
              <value>
                <![CDATA[[TestResult name=test4 status=SUCCESS method=TestC.test4()[pri:4, instance:com.md.runner.TestC@71def8f8] output={null}]]]>
              </value>
            </param>
          </params>
          <reporter-output>
            <line>
              <![CDATA[Test is about to end]]>
            </line>
            <line>
              <![CDATA[Test completed  -------  Report generated]]>
            </line>
          </reporter-output>
        </test-method> <!-- tearDownM -->
        <test-method signature="test5()[pri:5, instance:com.md.runner.TestC@71def8f8]" started-at="2022-05-21T14:54:46 IST" name="test5" finished-at="2022-05-21T14:54:48 IST" duration-ms="2218" status="PASS">
          <reporter-output>
          </reporter-output>
        </test-method> <!-- test5 -->
        <test-method is-config="true" signature="tearDownM(org.testng.ITestResult)[pri:0, instance:com.md.runner.TestC@71def8f8]" started-at="2022-05-21T14:54:48 IST" name="tearDownM" finished-at="2022-05-21T14:54:49 IST" duration-ms="641" status="PASS">
          <params>
            <param index="0">
              <value>
                <![CDATA[[TestResult name=test5 status=SUCCESS method=TestC.test5()[pri:5, instance:com.md.runner.TestC@71def8f8] output={null}]]]>
              </value>
            </param>
          </params>
          <reporter-output>
            <line>
              <![CDATA[Test is about to end]]>
            </line>
            <line>
              <![CDATA[Test completed  -------  Report generated]]>
            </line>
          </reporter-output>
        </test-method> <!-- tearDownM -->
        <test-method signature="test6()[pri:6, instance:com.md.runner.TestC@71def8f8]" started-at="2022-05-21T14:54:49 IST" name="test6" finished-at="2022-05-21T14:54:51 IST" duration-ms="1939" status="PASS">
          <reporter-output>
          </reporter-output>
        </test-method> <!-- test6 -->
        <test-method is-config="true" signature="tearDownM(org.testng.ITestResult)[pri:0, instance:com.md.runner.TestC@71def8f8]" started-at="2022-05-21T14:54:51 IST" name="tearDownM" finished-at="2022-05-21T14:54:52 IST" duration-ms="1678" status="PASS">
          <params>
            <param index="0">
              <value>
                <![CDATA[[TestResult name=test6 status=SUCCESS method=TestC.test6()[pri:6, instance:com.md.runner.TestC@71def8f8] output={null}]]]>
              </value>
            </param>
          </params>
          <reporter-output>
            <line>
              <![CDATA[Test is about to end]]>
            </line>
            <line>
              <![CDATA[Test completed  -------  Report generated]]>
            </line>
          </reporter-output>
        </test-method> <!-- tearDownM -->
        <test-method signature="test7()[pri:7, instance:com.md.runner.TestC@71def8f8]" started-at="2022-05-21T14:54:52 IST" name="test7" finished-at="2022-05-21T14:54:54 IST" duration-ms="1569" status="PASS">
          <reporter-output>
          </reporter-output>
        </test-method> <!-- test7 -->
        <test-method is-config="true" signature="tearDownM(org.testng.ITestResult)[pri:0, instance:com.md.runner.TestC@71def8f8]" started-at="2022-05-21T14:54:54 IST" name="tearDownM" finished-at="2022-05-21T14:54:55 IST" duration-ms="737" status="PASS">
          <params>
            <param index="0">
              <value>
                <![CDATA[[TestResult name=test7 status=SUCCESS method=TestC.test7()[pri:7, instance:com.md.runner.TestC@71def8f8] output={null}]]]>
              </value>
            </param>
          </params>
          <reporter-output>
            <line>
              <![CDATA[Test is about to end]]>
            </line>
            <line>
              <![CDATA[Test completed  -------  Report generated]]>
            </line>
          </reporter-output>
        </test-method> <!-- tearDownM -->
        <test-method signature="test8()[pri:8, instance:com.md.runner.TestC@71def8f8]" started-at="2022-05-21T14:54:55 IST" name="test8" finished-at="2022-05-21T14:54:57 IST" duration-ms="2313" status="PASS">
          <reporter-output>
          </reporter-output>
        </test-method> <!-- test8 -->
        <test-method is-config="true" signature="tearDownM(org.testng.ITestResult)[pri:0, instance:com.md.runner.TestC@71def8f8]" started-at="2022-05-21T14:54:57 IST" name="tearDownM" finished-at="2022-05-21T14:54:58 IST" duration-ms="495" status="PASS">
          <params>
            <param index="0">
              <value>
                <![CDATA[[TestResult name=test8 status=SUCCESS method=TestC.test8()[pri:8, instance:com.md.runner.TestC@71def8f8] output={null}]]]>
              </value>
            </param>
          </params>
          <reporter-output>
            <line>
              <![CDATA[Test is about to end]]>
            </line>
            <line>
              <![CDATA[Test completed  -------  Report generated]]>
            </line>
          </reporter-output>
        </test-method> <!-- tearDownM -->
        <test-method signature="test9()[pri:9, instance:com.md.runner.TestC@71def8f8]" started-at="2022-05-21T14:54:58 IST" name="test9" finished-at="2022-05-21T14:54:59 IST" duration-ms="1503" status="PASS">
          <reporter-output>
          </reporter-output>
        </test-method> <!-- test9 -->
        <test-method is-config="true" signature="tearDownM(org.testng.ITestResult)[pri:0, instance:com.md.runner.TestC@71def8f8]" started-at="2022-05-21T14:54:59 IST" name="tearDownM" finished-at="2022-05-21T14:54:59 IST" duration-ms="259" status="PASS">
          <params>
            <param index="0">
              <value>
                <![CDATA[[TestResult name=test9 status=SUCCESS method=TestC.test9()[pri:9, instance:com.md.runner.TestC@71def8f8] output={null}]]]>
              </value>
            </param>
          </params>
          <reporter-output>
            <line>
              <![CDATA[Test is about to end]]>
            </line>
            <line>
              <![CDATA[Test completed  -------  Report generated]]>
            </line>
          </reporter-output>
        </test-method> <!-- tearDownM -->
        <test-method is-config="true" signature="tearDown()[pri:0, instance:com.md.runner.TestC@71def8f8]" started-at="2022-05-21T14:54:59 IST" name="tearDown" finished-at="2022-05-21T14:55:00 IST" duration-ms="454" status="PASS">
          <reporter-output>
          </reporter-output>
        </test-method> <!-- tearDown -->
      </class> <!-- com.md.runner.TestC -->
    </test> <!-- Default test -->
  </suite> <!-- Default suite -->
</testng-results>
